  LightSpot.cpp
  main.cpp
D:\codeAbout\projects\cpp\OpenGLExcercise01\OpenGLExcercise01\main.cpp(117,11): warning C4244: “=”: 从“double”转换到“float”，可能丢失数据
D:\codeAbout\projects\cpp\OpenGLExcercise01\OpenGLExcercise01\main.cpp(118,11): warning C4244: “=”: 从“double”转换到“float”，可能丢失数据
D:\codeAbout\projects\cpp\OpenGLExcercise01\OpenGLExcercise01\main.cpp(122,16): warning C4244: “=”: 从“double”转换到“float”，可能丢失数据
D:\codeAbout\projects\cpp\OpenGLExcercise01\OpenGLExcercise01\main.cpp(123,16): warning C4244: “=”: 从“double”转换到“float”，可能丢失数据
D:\codeAbout\projects\cpp\OpenGLExcercise01\OpenGLExcercise01\main.cpp(124,10): warning C4244: “=”: 从“double”转换到“float”，可能丢失数据
D:\codeAbout\projects\cpp\OpenGLExcercise01\OpenGLExcercise01\main.cpp(125,10): warning C4244: “=”: 从“double”转换到“float”，可能丢失数据
  正在生成代码...
LINK : warning LNK4098: 默认库“MSVCRT”与其他库的使用冲突；请使用 /NODEFAULTLIB:library
LINK : warning LNK4098: 默认库“LIBCMT”与其他库的使用冲突；请使用 /NODEFAULTLIB:library
LINK : warning LNK4217: 符号“___glewAttachShader”(在“ glew32s.lib(glew.obj)”中定义)已由“Shader.obj”(函数“"public: __thiscall Shader::Shader(char const *,char const *)" (??0Shader@@QAE@PBD0@Z)”中)导入
LINK : warning LNK4217: 符号“___glewCompileShader”(在“ glew32s.lib(glew.obj)”中定义)已由“Shader.obj”(函数“"public: __thiscall Shader::Shader(char const *,char const *)" (??0Shader@@QAE@PBD0@Z)”中)导入
LINK : warning LNK4217: 符号“___glewCreateProgram”(在“ glew32s.lib(glew.obj)”中定义)已由“Shader.obj”(函数“"public: __thiscall Shader::Shader(char const *,char const *)" (??0Shader@@QAE@PBD0@Z)”中)导入
LINK : warning LNK4217: 符号“___glewCreateShader”(在“ glew32s.lib(glew.obj)”中定义)已由“Shader.obj”(函数“"public: __thiscall Shader::Shader(char const *,char const *)" (??0Shader@@QAE@PBD0@Z)”中)导入
LINK : warning LNK4217: 符号“___glewDeleteShader”(在“ glew32s.lib(glew.obj)”中定义)已由“Shader.obj”(函数“"public: __thiscall Shader::Shader(char const *,char const *)" (??0Shader@@QAE@PBD0@Z)”中)导入
LINK : warning LNK4217: 符号“___glewGetProgramInfoLog”(在“ glew32s.lib(glew.obj)”中定义)已由“Shader.obj”(函数“"private: void __thiscall Shader::checkCompileErrors(unsigned int,class std::basic_string<char,struct std::char_traits<char>,class std::allocator<char> >)" (?checkCompileErrors@Shader@@AAEXIV?$basic_string@DU?$char_traits@D@std@@V?$allocator@D@2@@std@@@Z)”中)导入
LINK : warning LNK4217: 符号“___glewGetProgramiv”(在“ glew32s.lib(glew.obj)”中定义)已由“Shader.obj”(函数“"private: void __thiscall Shader::checkCompileErrors(unsigned int,class std::basic_string<char,struct std::char_traits<char>,class std::allocator<char> >)" (?checkCompileErrors@Shader@@AAEXIV?$basic_string@DU?$char_traits@D@std@@V?$allocator@D@2@@std@@@Z)”中)导入
LINK : warning LNK4217: 符号“___glewGetShaderInfoLog”(在“ glew32s.lib(glew.obj)”中定义)已由“Shader.obj”(函数“"private: void __thiscall Shader::checkCompileErrors(unsigned int,class std::basic_string<char,struct std::char_traits<char>,class std::allocator<char> >)" (?checkCompileErrors@Shader@@AAEXIV?$basic_string@DU?$char_traits@D@std@@V?$allocator@D@2@@std@@@Z)”中)导入
LINK : warning LNK4217: 符号“___glewGetShaderiv”(在“ glew32s.lib(glew.obj)”中定义)已由“Shader.obj”(函数“"private: void __thiscall Shader::checkCompileErrors(unsigned int,class std::basic_string<char,struct std::char_traits<char>,class std::allocator<char> >)" (?checkCompileErrors@Shader@@AAEXIV?$basic_string@DU?$char_traits@D@std@@V?$allocator@D@2@@std@@@Z)”中)导入
LINK : warning LNK4217: 符号“___glewGetUniformLocation”(在“ glew32s.lib(glew.obj)”中定义)已由“Shader.obj”(函数“"public: void __thiscall Shader::SetUniform1f(char const *,float)" (?SetUniform1f@Shader@@QAEXPBDM@Z)”中)导入
LINK : warning LNK4217: 符号“___glewLinkProgram”(在“ glew32s.lib(glew.obj)”中定义)已由“Shader.obj”(函数“"public: __thiscall Shader::Shader(char const *,char const *)" (??0Shader@@QAE@PBD0@Z)”中)导入
LINK : warning LNK4217: 符号“___glewShaderSource”(在“ glew32s.lib(glew.obj)”中定义)已由“Shader.obj”(函数“"public: __thiscall Shader::Shader(char const *,char const *)" (??0Shader@@QAE@PBD0@Z)”中)导入
LINK : warning LNK4217: 符号“___glewUniform1f”(在“ glew32s.lib(glew.obj)”中定义)已由“Shader.obj”(函数“"public: void __thiscall Shader::SetUniform1f(char const *,float)" (?SetUniform1f@Shader@@QAEXPBDM@Z)”中)导入
LINK : warning LNK4217: 符号“___glewUniform1i”(在“ glew32s.lib(glew.obj)”中定义)已由“Shader.obj”(函数“"public: void __thiscall Shader::SetUniform1i(char const *,int)" (?SetUniform1i@Shader@@QAEXPBDH@Z)”中)导入
LINK : warning LNK4217: 符号“___glewUniform3f”(在“ glew32s.lib(glew.obj)”中定义)已由“Shader.obj”(函数“"public: void __thiscall Shader::SetUniform3f(char const *,struct glm::vec<3,float,0>)" (?SetUniform3f@Shader@@QAEXPBDU?$vec@$02M$0A@@glm@@@Z)”中)导入
LINK : warning LNK4217: 符号“___glewUseProgram”(在“ glew32s.lib(glew.obj)”中定义)已由“Shader.obj”(函数“"public: void __thiscall Shader::use(void)" (?use@Shader@@QAEXXZ)”中)导入
glew32s.lib(glew.obj) : warning LNK4099: 未找到 PDB“”(使用“glew32s.lib(glew.obj)”或在“”中寻找)；正在链接对象，如同没有调试信息一样
  OpenGLExcercise01.vcxproj -> D:\codeAbout\projects\cpp\OpenGLExcercise01\Debug\OpenGLExcercise01.exe
